<?xml version="1.0" encoding="UTF-8"?>
<coverage generated="1516545507151" clover="3.2.0">
  <project timestamp="1516545507152" name="All files">
    <metrics statements="26" coveredstatements="18" conditionals="14" coveredconditionals="8" methods="9" coveredmethods="7" elements="49" coveredelements="33" complexity="0" loc="26" ncloc="26" packages="2" files="2" classes="2">
      <package name="src">
        <metrics statements="6" coveredstatements="0" conditionals="0" coveredconditionals="0" methods="0" coveredmethods="0"/>
        <file name="index.tsx" path="C:\Users\UsuarioAurora\Documents\WebstormProjects\react-parcel\src\index.tsx">
          <metrics statements="6" coveredstatements="0" conditionals="0" coveredconditionals="0" methods="0" coveredmethods="0"/>
          <line num="2" count="0" type="stmt"/>
          <line num="3" count="0" type="stmt"/>
          <line num="4" count="0" type="stmt"/>
          <line num="5" count="0" type="stmt"/>
          <line num="6" count="0" type="stmt"/>
          <line num="7" count="0" type="stmt"/>
        </file>
      </package>
      <package name="src.components">
        <metrics statements="20" coveredstatements="18" conditionals="14" coveredconditionals="8" methods="9" coveredmethods="7"/>
        <file name="App.tsx" path="C:\Users\UsuarioAurora\Documents\WebstormProjects\react-parcel\src\components\App.tsx">
          <metrics statements="20" coveredstatements="18" conditionals="14" coveredconditionals="8" methods="9" coveredmethods="7"/>
          <line num="2" count="1" type="cond" truecount="3" falsecount="0"/>
          <line num="3" count="1" type="cond" truecount="1" falsecount="3"/>
          <line num="4" count="0" type="stmt"/>
          <line num="5" count="0" type="cond" truecount="0" falsecount="2"/>
          <line num="6" count="1" type="stmt"/>
          <line num="7" count="1" type="stmt"/>
          <line num="8" count="1" type="stmt"/>
          <line num="9" count="1" type="cond" truecount="1" falsecount="1"/>
          <line num="12" count="1" type="stmt"/>
          <line num="13" count="1" type="stmt"/>
          <line num="14" count="1" type="stmt"/>
          <line num="15" count="1" type="stmt"/>
          <line num="16" count="1" type="stmt"/>
          <line num="18" count="1" type="cond" truecount="3" falsecount="0"/>
          <line num="20" count="1" type="stmt"/>
          <line num="21" count="1" type="stmt"/>
          <line num="23" count="1" type="stmt"/>
          <line num="24" count="1" type="stmt"/>
          <line num="29" count="1" type="stmt"/>
          <line num="31" count="1" type="stmt"/>
        </file>
      </package>
    </metrics>
  </project>
</coverage>
