<?xml version="1.0" encoding="UTF-8"?>
<coverage generated="1518387467703" clover="3.2.0">
  <project timestamp="1518387467704" name="All files">
    <metrics statements="20" coveredstatements="18" conditionals="14" coveredconditionals="8" methods="9" coveredmethods="7" elements="43" coveredelements="33" complexity="0" loc="20" ncloc="20" packages="1" files="1" classes="1">
      <file name="App.tsx" path="C:\Users\yagol\Documents\projects\react-parcel\src\components\App.tsx">
        <metrics statements="20" coveredstatements="18" conditionals="14" coveredconditionals="8" methods="9" coveredmethods="7"/>
        <line num="2" count="1" type="cond" truecount="3" falsecount="0"/>
        <line num="3" count="1" type="cond" truecount="1" falsecount="3"/>
        <line num="4" count="0" type="stmt"/>
        <line num="5" count="0" type="cond" truecount="0" falsecount="2"/>
        <line num="6" count="1" type="stmt"/>
        <line num="7" count="1" type="stmt"/>
        <line num="8" count="1" type="stmt"/>
        <line num="9" count="1" type="cond" truecount="1" falsecount="1"/>
        <line num="12" count="1" type="stmt"/>
        <line num="13" count="1" type="stmt"/>
        <line num="14" count="1" type="stmt"/>
        <line num="15" count="1" type="stmt"/>
        <line num="16" count="1" type="stmt"/>
        <line num="18" count="2" type="cond" truecount="3" falsecount="0"/>
        <line num="20" count="1" type="stmt"/>
        <line num="21" count="2" type="stmt"/>
        <line num="23" count="1" type="stmt"/>
        <line num="24" count="2" type="stmt"/>
        <line num="29" count="1" type="stmt"/>
        <line num="31" count="1" type="stmt"/>
      </file>
    </metrics>
  </project>
</coverage>
